Determining if the pthread_create exist failed with the following output:
Change Dir: /home/david/Documents/pcl-test/build/CMakeFiles/CMakeTmp

Run Build Command:"/usr/bin/make" "cmTC_0c29c/fast"
/usr/bin/make -f CMakeFiles/cmTC_0c29c.dir/build.make CMakeFiles/cmTC_0c29c.dir/build
make[1]: Entering directory '/home/david/Documents/pcl-test/build/CMakeFiles/CMakeTmp'
Building C object CMakeFiles/cmTC_0c29c.dir/CheckSymbolExists.c.o
/usr/bin/cc    -o CMakeFiles/cmTC_0c29c.dir/CheckSymbolExists.c.o   -c /home/david/Documents/pcl-test/build/CMakeFiles/CMakeTmp/CheckSymbolExists.c
Linking C executable cmTC_0c29c
/usr/bin/cmake -E cmake_link_script CMakeFiles/cmTC_0c29c.dir/link.txt --verbose=1
/usr/bin/cc      -rdynamic CMakeFiles/cmTC_0c29c.dir/CheckSymbolExists.c.o  -o cmTC_0c29c 
CMakeFiles/cmTC_0c29c.dir/CheckSymbolExists.c.o: In function `main':
CheckSymbolExists.c:(.text+0x1b): undefined reference to `pthread_create'
collect2: error: ld returned 1 exit status
CMakeFiles/cmTC_0c29c.dir/build.make:97: recipe for target 'cmTC_0c29c' failed
make[1]: *** [cmTC_0c29c] Error 1
make[1]: Leaving directory '/home/david/Documents/pcl-test/build/CMakeFiles/CMakeTmp'
Makefile:126: recipe for target 'cmTC_0c29c/fast' failed
make: *** [cmTC_0c29c/fast] Error 2

File /home/david/Documents/pcl-test/build/CMakeFiles/CMakeTmp/CheckSymbolExists.c:
/* */
#include <pthread.h>

int main(int argc, char** argv)
{
  (void)argv;
#ifndef pthread_create
  return ((int*)(&pthread_create))[argc];
#else
  (void)argc;
  return 0;
#endif
}

Determining if the function pthread_create exists in the pthreads failed with the following output:
Change Dir: /home/david/Documents/pcl-test/build/CMakeFiles/CMakeTmp

Run Build Command:"/usr/bin/make" "cmTC_bfd67/fast"
/usr/bin/make -f CMakeFiles/cmTC_bfd67.dir/build.make CMakeFiles/cmTC_bfd67.dir/build
make[1]: Entering directory '/home/david/Documents/pcl-test/build/CMakeFiles/CMakeTmp'
Building C object CMakeFiles/cmTC_bfd67.dir/CheckFunctionExists.c.o
/usr/bin/cc   -DCHECK_FUNCTION_EXISTS=pthread_create   -o CMakeFiles/cmTC_bfd67.dir/CheckFunctionExists.c.o   -c /usr/share/cmake-3.10/Modules/CheckFunctionExists.c
Linking C executable cmTC_bfd67
/usr/bin/cmake -E cmake_link_script CMakeFiles/cmTC_bfd67.dir/link.txt --verbose=1
/usr/bin/cc  -DCHECK_FUNCTION_EXISTS=pthread_create    -rdynamic CMakeFiles/cmTC_bfd67.dir/CheckFunctionExists.c.o  -o cmTC_bfd67 -lpthreads 
/usr/bin/x86_64-linux-gnu-ld: cannot find -lpthreads
collect2: error: ld returned 1 exit status
CMakeFiles/cmTC_bfd67.dir/build.make:97: recipe for target 'cmTC_bfd67' failed
make[1]: *** [cmTC_bfd67] Error 1
make[1]: Leaving directory '/home/david/Documents/pcl-test/build/CMakeFiles/CMakeTmp'
Makefile:126: recipe for target 'cmTC_bfd67/fast' failed
make: *** [cmTC_bfd67/fast] Error 2


